# JRE version: OpenJDK Runtime Environment (8.0_212-b03) (build 1.8.0_212-8u212-b03-0ubuntu1.18.10.1-b03)
# Java VM: OpenJDK 64-Bit Server VM (25.212-b03 mixed mode linux-amd64 compressed oops)
Heap:
 PSYoungGen      total 70656K, used 64K [0x00000000f5980000, 0x00000000f9f80000, 0x0000000100000000)
  eden space 69632K, 0% used [0x00000000f5980000,0x00000000f5980000,0x00000000f9d80000)
  from space 1024K, 6% used [0x00000000f9d80000,0x00000000f9d90000,0x00000000f9e80000)
  to   space 1024K, 0% used [0x00000000f9e80000,0x00000000f9e80000,0x00000000f9f80000)
 ParOldGen       total 22016K, used 460K [0x00000000e0c00000, 0x00000000e2180000, 0x00000000f5980000)
  object space 22016K, 2% used [0x00000000e0c00000,0x00000000e0c73070,0x00000000e2180000)
 Metaspace       used 3719K, capacity 4526K, committed 4864K, reserved 1056768K
  class space    used 397K, capacity 426K, committed 512K, reserved 1048576K
GC Heap History (10 events):
Event: 0,738 GC heap after
Heap after GC invocations=2 (full 0):
 PSYoungGen      total 18432K, used 480K [0x00000000f5980000, 0x00000000f6c80000, 0x0000000100000000)
  eden space 17408K, 0% used [0x00000000f5980000,0x00000000f5980000,0x00000000f6a80000)
  from space 1024K, 46% used [0x00000000f6b80000,0x00000000f6bf8000,0x00000000f6c80000)
  to   space 1024K, 0% used [0x00000000f6a80000,0x00000000f6a80000,0x00000000f6b80000)
 ParOldGen       total 22016K, used 8K [0x00000000e0c00000, 0x00000000e2180000, 0x00000000f5980000)
  object space 22016K, 0% used [0x00000000e0c00000,0x00000000e0c02000,0x00000000e2180000)
 Metaspace       used 3678K, capacity 4526K, committed 4864K, reserved 1056768K
  class space    used 397K, capacity 426K, committed 512K, reserved 1048576K
}
Event: 0,980 GC heap before
{Heap before GC invocations=3 (full 0):
 PSYoungGen      total 18432K, used 17888K [0x00000000f5980000, 0x00000000f6c80000, 0x0000000100000000)
  eden space 17408K, 100% used [0x00000000f5980000,0x00000000f6a80000,0x00000000f6a80000)
  from space 1024K, 46% used [0x00000000f6b80000,0x00000000f6bf8000,0x00000000f6c80000)
  to   space 1024K, 0% used [0x00000000f6a80000,0x00000000f6a80000,0x00000000f6b80000)
 ParOldGen       total 22016K, used 8K [0x00000000e0c00000, 0x00000000e2180000, 0x00000000f5980000)
  object space 22016K, 0% used [0x00000000e0c00000,0x00000000e0c02000,0x00000000e2180000)
 Metaspace       used 3719K, capacity 4526K, committed 4864K, reserved 1056768K
  class space    used 397K, capacity 426K, committed 512K, reserved 1048576K
Event: 0,984 GC heap after
Heap after GC invocations=3 (full 0):
 PSYoungGen      total 18432K, used 512K [0x00000000f5980000, 0x00000000f7d80000, 0x0000000100000000)
  eden space 17408K, 0% used [0x00000000f5980000,0x00000000f5980000,0x00000000f6a80000)
  from space 1024K, 50% used [0x00000000f6a80000,0x00000000f6b00000,0x00000000f6b80000)
  to   space 1024K, 0% used [0x00000000f7c80000,0x00000000f7c80000,0x00000000f7d80000)
 ParOldGen       total 22016K, used 8K [0x00000000e0c00000, 0x00000000e2180000, 0x00000000f5980000)
  object space 22016K, 0% used [0x00000000e0c00000,0x00000000e0c02000,0x00000000e2180000)
 Metaspace       used 3719K, capacity 4526K, committed 4864K, reserved 1056768K
  class space    used 397K, capacity 426K, committed 512K, reserved 1048576K
}
Event: 1,218 GC heap before
{Heap before GC invocations=4 (full 0):
 PSYoungGen      total 18432K, used 17920K [0x00000000f5980000, 0x00000000f7d80000, 0x0000000100000000)
  eden space 17408K, 100% used [0x00000000f5980000,0x00000000f6a80000,0x00000000f6a80000)
  from space 1024K, 50% used [0x00000000f6a80000,0x00000000f6b00000,0x00000000f6b80000)
  to   space 1024K, 0% used [0x00000000f7c80000,0x00000000f7c80000,0x00000000f7d80000)
 ParOldGen       total 22016K, used 8K [0x00000000e0c00000, 0x00000000e2180000, 0x00000000f5980000)
  object space 22016K, 0% used [0x00000000e0c00000,0x00000000e0c02000,0x00000000e2180000)
 Metaspace       used 3719K, capacity 4526K, committed 4864K, reserved 1056768K
  class space    used 397K, capacity 426K, committed 512K, reserved 1048576K
Event: 1,222 GC heap after
Heap after GC invocations=4 (full 0):
 PSYoungGen      total 35840K, used 512K [0x00000000f5980000, 0x00000000f7d80000, 0x0000000100000000)
  eden space 34816K, 0% used [0x00000000f5980000,0x00000000f5980000,0x00000000f7b80000)
  from space 1024K, 50% used [0x00000000f7c80000,0x00000000f7d00000,0x00000000f7d80000)
  to   space 1024K, 0% used [0x00000000f7b80000,0x00000000f7b80000,0x00000000f7c80000)
 ParOldGen       total 22016K, used 8K [0x00000000e0c00000, 0x00000000e2180000, 0x00000000f5980000)
  object space 22016K, 0% used [0x00000000e0c00000,0x00000000e0c02000,0x00000000e2180000)
 Metaspace       used 3719K, capacity 4526K, committed 4864K, reserved 1056768K
  class space    used 397K, capacity 426K, committed 512K, reserved 1048576K
}
Event: 1,495 GC heap before
{Heap before GC invocations=5 (full 0):
 PSYoungGen      total 35840K, used 35328K [0x00000000f5980000, 0x00000000f7d80000, 0x0000000100000000)
  eden space 34816K, 100% used [0x00000000f5980000,0x00000000f7b80000,0x00000000f7b80000)
  from space 1024K, 50% used [0x00000000f7c80000,0x00000000f7d00000,0x00000000f7d80000)
  to   space 1024K, 0% used [0x00000000f7b80000,0x00000000f7b80000,0x00000000f7c80000)
 ParOldGen       total 22016K, used 8K [0x00000000e0c00000, 0x00000000e2180000, 0x00000000f5980000)
  object space 22016K, 0% used [0x00000000e0c00000,0x00000000e0c02000,0x00000000e2180000)
 Metaspace       used 3719K, capacity 4526K, committed 4864K, reserved 1056768K
  class space    used 397K, capacity 426K, committed 512K, reserved 1048576K
Event: 1,500 GC heap after
Heap after GC invocations=5 (full 0):
 PSYoungGen      total 35840K, used 480K [0x00000000f5980000, 0x00000000f9f80000, 0x0000000100000000)
  eden space 34816K, 0% used [0x00000000f5980000,0x00000000f5980000,0x00000000f7b80000)
  from space 1024K, 46% used [0x00000000f7b80000,0x00000000f7bf8000,0x00000000f7c80000)
  to   space 1024K, 0% used [0x00000000f9e80000,0x00000000f9e80000,0x00000000f9f80000)
 ParOldGen       total 22016K, used 16K [0x00000000e0c00000, 0x00000000e2180000, 0x00000000f5980000)
  object space 22016K, 0% used [0x00000000e0c00000,0x00000000e0c04000,0x00000000e2180000)
 Metaspace       used 3719K, capacity 4526K, committed 4864K, reserved 1056768K
  class space    used 397K, capacity 426K, committed 512K, reserved 1048576K
}
Event: 1,687 GC heap before
{Heap before GC invocations=6 (full 0):
 PSYoungGen      total 35840K, used 35296K [0x00000000f5980000, 0x00000000f9f80000, 0x0000000100000000)
  eden space 34816K, 100% used [0x00000000f5980000,0x00000000f7b80000,0x00000000f7b80000)
  from space 1024K, 46% used [0x00000000f7b80000,0x00000000f7bf8000,0x00000000f7c80000)
  to   space 1024K, 0% used [0x00000000f9e80000,0x00000000f9e80000,0x00000000f9f80000)
 ParOldGen       total 22016K, used 16K [0x00000000e0c00000, 0x00000000e2180000, 0x00000000f5980000)
  object space 22016K, 0% used [0x00000000e0c00000,0x00000000e0c04000,0x00000000e2180000)
 Metaspace       used 3719K, capacity 4526K, committed 4864K, reserved 1056768K
  class space    used 397K, capacity 426K, committed 512K, reserved 1048576K
Event: 1,692 GC heap after
Heap after GC invocations=6 (full 0):
 PSYoungGen      total 70656K, used 512K [0x00000000f5980000, 0x00000000f9f80000, 0x0000000100000000)
  eden space 69632K, 0% used [0x00000000f5980000,0x00000000f5980000,0x00000000f9d80000)
  from space 1024K, 50% used [0x00000000f9e80000,0x00000000f9f00000,0x00000000f9f80000)
  to   space 1024K, 0% used [0x00000000f9d80000,0x00000000f9d80000,0x00000000f9e80000)
 ParOldGen       total 22016K, used 16K [0x00000000e0c00000, 0x00000000e2180000, 0x00000000f5980000)
  object space 22016K, 0% used [0x00000000e0c00000,0x00000000e0c04000,0x00000000e2180000)
 Metaspace       used 3719K, capacity 4526K, committed 4864K, reserved 1056768K
  class space    used 397K, capacity 426K, committed 512K, reserved 1048576K
}
Event: 2,491 GC heap before
{Heap before GC invocations=7 (full 0):
 PSYoungGen      total 70656K, used 70144K [0x00000000f5980000, 0x00000000f9f80000, 0x0000000100000000)
  eden space 69632K, 100% used [0x00000000f5980000,0x00000000f9d80000,0x00000000f9d80000)
  from space 1024K, 50% used [0x00000000f9e80000,0x00000000f9f00000,0x00000000f9f80000)
  to   space 1024K, 0% used [0x00000000f9d80000,0x00000000f9d80000,0x00000000f9e80000)
 ParOldGen       total 22016K, used 16K [0x00000000e0c00000, 0x00000000e2180000, 0x00000000f5980000)
  object space 22016K, 0% used [0x00000000e0c00000,0x00000000e0c04000,0x00000000e2180000)
 Metaspace       used 3719K, capacity 4526K, committed 4864K, reserved 1056768K
  class space    used 397K, capacity 426K, committed 512K, reserved 1048576K

